・2023/03/02 16:31:09 -------
Q.他社のフレームでもレンズの交換は可能ですか？

はい、可能です。オンデーズでは、他社様のフレームも含め税込み7700円からレンズ交換を承っています。
・2023/03/02 16:31:44 -------
Q.他社のレンズを交換する際の詳細を教えて下さい

オンデーズでは、他社様のフレームも含め税込み7700円からレンズ交換を承っています。また、遠くや近くを見るためのレンズだと税込み7700円、遠近両用のレンズの場合は、税込み11000円から作ることができます。基本的には、店頭でお受付可能か確認をする必要がありますが、大体のメガネで作ることが出来ます。サングラスだけは受付が出来ないため、注意が必要です。ツーポイントの眼鏡フレームは
・2023/03/02 16:32:19 -------
Q.明日の天気を教えてください

そちらの質問には答えることが出来ません。
・2023/03/02 16:32:30 -------
Q.商品の平均価格はいくらですか

そちらの質問には答えることが出来ません。
・2023/03/02 16:32:56 -------
Q.おすすめのメガネを教えてください

お客様に似合うメガネを一緒に選ばせていただくため、実際に店舗に来ていただければスタッフがお手伝いさせていただきます。
・2023/03/02 16:34:28 -------
Q.グラフベルの最新作を教えて

グラフベルの最新作として、「グラフベル プレミアム プラス」があります。こちらは、軽量で抜群のフィット感を実現したフレームで、高級感のあるデザインと、高品質な素材を使用しています。また、鼻パットを標準装備しているので、長時間の装用でも快適な装用感を実現しています。
・2023/03/02 16:36:20 -------
Q.Graph Belleってなに？

そちらの質問には答えることが出来ません。
